<?xml version="1.0" encoding="UTF-8"?>
<testng-results skipped="0" failed="0" total="0" passed="0">
  <reporter-output>
  </reporter-output>
  <suite name="Nike.Assignement.RecentPurchasesTest" duration-ms="2" started-at="2015-11-02T02:01:07Z" finished-at="2015-11-02T02:01:07Z">
    <groups>
    </groups>
    <test name="Command line test" duration-ms="2" started-at="2015-11-02T02:01:07Z" finished-at="2015-11-02T02:01:07Z">
    </test> <!-- Command line test -->
  </suite> <!-- Nike.Assignement.RecentPurchasesTest -->
</testng-results>
